<?xml version="1.0" encoding="UTF-8"?>
<testng-results ignored="0" total="1" passed="1" failed="0" skipped="0">
  <reporter-output>
  </reporter-output>
  <suite started-at="2023-02-12T20:33:26 EET" name="Surefire suite" finished-at="2023-02-12T20:33:36 EET" duration-ms="9509">
    <groups>
    </groups>
    <test started-at="2023-02-12T20:33:26 EET" name="Surefire test" finished-at="2023-02-12T20:33:36 EET" duration-ms="9509">
      <class name="UI.UITest">
        <test-method is-config="true" signature="beforetest()[pri:0, instance:UI.UITest@30af7377]" started-at="2023-02-12T20:33:26 EET" name="beforetest" finished-at="2023-02-12T20:33:29 EET" duration-ms="3230" status="PASS">
          <reporter-output>
          </reporter-output>
        </test-method> <!-- beforetest -->
        <test-method signature="studentRegister()[pri:0, instance:UI.UITest@30af7377]" started-at="2023-02-12T20:33:29 EET" name="studentRegister" finished-at="2023-02-12T20:33:35 EET" duration-ms="5894" status="PASS">
          <reporter-output>
          </reporter-output>
        </test-method> <!-- studentRegister -->
        <test-method is-config="true" signature="afterTest()[pri:0, instance:UI.UITest@30af7377]" started-at="2023-02-12T20:33:35 EET" name="afterTest" finished-at="2023-02-12T20:33:36 EET" duration-ms="199" status="PASS">
          <reporter-output>
          </reporter-output>
        </test-method> <!-- afterTest -->
      </class> <!-- UI.UITest -->
    </test> <!-- Surefire test -->
  </suite> <!-- Surefire suite -->
</testng-results>
